Mar-25 23:41:59.398 [main] DEBUG nextflow.cli.Launcher - $> nextflow run main.nf -with-docker
Mar-25 23:41:59.516 [main] DEBUG nextflow.cli.CmdRun - N E X T F L O W  ~  version 24.10.4
Mar-25 23:41:59.540 [main] DEBUG nextflow.plugin.PluginsFacade - Setting up plugin manager > mode=prod; embedded=false; plugins-dir=/workspaces/.nextflow/plugins; core-plugins: nf-amazon@2.9.2,nf-azure@1.10.2,nf-cloudcache@0.4.2,nf-codecommit@0.2.2,nf-console@1.1.4,nf-google@1.15.3,nf-tower@1.9.3,nf-wave@1.7.4
Mar-25 23:41:59.571 [main] INFO  o.pf4j.DefaultPluginStatusProvider - Enabled plugins: []
Mar-25 23:41:59.572 [main] INFO  o.pf4j.DefaultPluginStatusProvider - Disabled plugins: []
Mar-25 23:41:59.575 [main] INFO  org.pf4j.DefaultPluginManager - PF4J version 3.12.0 in 'deployment' mode
Mar-25 23:41:59.591 [main] INFO  org.pf4j.AbstractPluginManager - No plugins
Mar-25 23:41:59.616 [main] DEBUG nextflow.config.ConfigBuilder - Found config local: /root/nextaxon/nextflow.config
Mar-25 23:41:59.620 [main] DEBUG nextflow.config.ConfigBuilder - Parsing config file: /root/nextaxon/nextflow.config
Mar-25 23:41:59.671 [main] DEBUG n.secret.LocalSecretsProvider - Secrets store: /workspaces/.nextflow/secrets/store.json
Mar-25 23:41:59.677 [main] DEBUG nextflow.secret.SecretsLoader - Discovered secrets providers: [nextflow.secret.LocalSecretsProvider@534ca02b] - activable => nextflow.secret.LocalSecretsProvider@534ca02b
Mar-25 23:41:59.691 [main] DEBUG nextflow.config.ConfigBuilder - Applying config profile: `standard`
Mar-25 23:42:00.407 [main] DEBUG nextflow.config.ConfigBuilder - Enabling execution in Docker container as requested by command-line option `-with-docker -`
Mar-25 23:42:00.431 [main] DEBUG nextflow.cli.CmdRun - Applied DSL=2 from script declaration
Mar-25 23:42:00.445 [main] DEBUG nextflow.cli.CmdRun - Launching `main.nf` [voluminous_volta] DSL2 - revision: 19409b09ea
Mar-25 23:42:00.447 [main] DEBUG nextflow.plugin.PluginsFacade - Plugins default=[]
Mar-25 23:42:00.448 [main] DEBUG nextflow.plugin.PluginsFacade - Plugins resolved requirement=[]
Mar-25 23:42:00.500 [main] DEBUG nextflow.Session - Session UUID: 9581c404-4a9f-42b8-91d9-865e2235e79c
Mar-25 23:42:00.501 [main] DEBUG nextflow.Session - Run name: voluminous_volta
Mar-25 23:42:00.502 [main] DEBUG nextflow.Session - Executor pool size: 4
Mar-25 23:42:00.510 [main] DEBUG nextflow.file.FilePorter - File porter settings maxRetries=3; maxTransfers=50; pollTimeout=null
Mar-25 23:42:00.517 [main] DEBUG nextflow.util.ThreadPoolBuilder - Creating thread pool 'FileTransfer' minSize=10; maxSize=12; workQueue=LinkedBlockingQueue[10000]; allowCoreThreadTimeout=false
Mar-25 23:42:00.554 [main] DEBUG nextflow.cli.CmdRun - 
  Version: 24.10.4 build 5934
  Created: 20-01-2025 16:47 UTC 
  System: Linux 6.8.0-1021-azure
  Runtime: Groovy 4.0.23 on OpenJDK 64-Bit Server VM 21.0.5+11-LTS
  Encoding: UTF-8 (UTF-8)
  Process: 68599@codespaces-3b58cb [127.0.0.1]
  CPUs: 4 - Mem: 15.6 GB (4.9 GB) - Swap: 0 (0)
Mar-25 23:42:00.589 [main] DEBUG nextflow.Session - Work-dir: /root/nextaxon/work [overlayfs]
Mar-25 23:42:00.590 [main] DEBUG nextflow.Session - Script base path does not exist or is not a directory: /root/nextaxon/bin
Mar-25 23:42:00.602 [main] DEBUG nextflow.executor.ExecutorFactory - Extension executors providers=[]
Mar-25 23:42:00.615 [main] DEBUG nextflow.Session - Observer factory: DefaultObserverFactory
Mar-25 23:42:00.657 [main] DEBUG nextflow.cache.CacheFactory - Using Nextflow cache factory: nextflow.cache.DefaultCacheFactory
Mar-25 23:42:00.666 [main] DEBUG nextflow.util.CustomThreadPool - Creating default thread pool > poolSize: 5; maxThreads: 1000
Mar-25 23:42:00.730 [main] DEBUG nextflow.Session - Session start
Mar-25 23:42:00.733 [main] DEBUG nextflow.trace.TraceFileObserver - Workflow started -- trace file: /root/nextaxon/resultados/pipeline_info/execution_trace.txt
Mar-25 23:42:00.878 [main] DEBUG nextflow.script.ScriptRunner - > Launching execution
Mar-25 23:42:01.592 [main] DEBUG nextflow.script.ProcessConfig - Config settings `withName:MOTHUR_ANALYSIS` matches process CLASSIFICATION:MOTHUR_ANALYSIS
Mar-25 23:42:01.607 [main] DEBUG nextflow.executor.ExecutorFactory - << taskConfig executor: null
Mar-25 23:42:01.607 [main] DEBUG nextflow.executor.ExecutorFactory - >> processorType: 'local'
Mar-25 23:42:01.613 [main] DEBUG nextflow.executor.Executor - [warm up] executor > local
Mar-25 23:42:01.622 [main] DEBUG n.processor.LocalPollingMonitor - Creating local task monitor for executor 'local' > cpus=4; memory=15.6 GB; capacity=4; pollInterval=100ms; dumpInterval=5m
Mar-25 23:42:01.624 [main] DEBUG n.processor.TaskPollingMonitor - >>> barrier register (monitor: local)
Mar-25 23:42:01.708 [main] DEBUG nextflow.script.ProcessConfig - Config settings `withName:MAFFT_ALIGN` matches process CLASSIFICATION:MAFFT_ALIGN
Mar-25 23:42:01.711 [main] DEBUG nextflow.executor.ExecutorFactory - << taskConfig executor: null
Mar-25 23:42:01.711 [main] DEBUG nextflow.executor.ExecutorFactory - >> processorType: 'local'
Mar-25 23:42:01.717 [main] DEBUG nextflow.Session - Workflow process names [dsl2]: MAFFT_ALIGN, CLASSIFICATION:MAFFT_ALIGN, CLASSIFICATION:MOTHUR_ANALYSIS, MOTHUR_ANALYSIS
Mar-25 23:42:01.719 [main] DEBUG nextflow.Session - Igniting dataflow network (7)
Mar-25 23:42:01.725 [PathVisitor-1] DEBUG nextflow.file.PathVisitor - files for syntax: glob; folder: /root/nextaxon/data/; pattern: *_R{1,2}_001.fastq; options: [checkIfExists:true]
Mar-25 23:42:01.730 [main] DEBUG nextflow.processor.TaskProcessor - Starting process > CLASSIFICATION:MOTHUR_ANALYSIS
Mar-25 23:42:01.730 [main] DEBUG nextflow.processor.TaskProcessor - Starting process > CLASSIFICATION:MAFFT_ALIGN
Mar-25 23:42:01.731 [main] DEBUG nextflow.script.ScriptRunner - Parsed script files:
  Script_fb1b220a19a559b1: /root/nextaxon/./workflows/classification.nf
  Script_67ec53c728e33915: /root/nextaxon/main.nf
  Script_51a4f16982872592: /root/nextaxon/./workflows/../modules/nf-core/mafft/align/main.nf
  Script_0b8de873dbceb5e1: /root/nextaxon/./workflows/../modules/local/mothur.nf
Mar-25 23:42:01.731 [main] DEBUG nextflow.script.ScriptRunner - > Awaiting termination 
Mar-25 23:42:01.731 [main] DEBUG nextflow.Session - Session await
Mar-25 23:42:02.029 [Task submitter] DEBUG n.executor.local.LocalTaskHandler - Launch cmd line: /bin/bash -ue .command.run
Mar-25 23:42:02.035 [Task submitter] INFO  nextflow.Session - [0c/56e480] Submitted process > CLASSIFICATION:MOTHUR_ANALYSIS (mothur_analysis)
Mar-25 23:42:15.269 [SIGINT handler] DEBUG nextflow.Session - Session aborted -- Cause: SIGINT
Mar-25 23:42:15.270 [Task monitor] DEBUG n.processor.TaskPollingMonitor - <<< barrier arrives (monitor: local) - terminating tasks monitor poll loop
Mar-25 23:42:15.305 [SIGINT handler] DEBUG nextflow.Session - The following nodes are still active:
[process] CLASSIFICATION:MAFFT_ALIGN
  status=ACTIVE
  port 0: (queue) OPEN  ; channel: -
  port 1: (cntrl) -     ; channel: $

Mar-25 23:42:15.328 [SIGINT handler] DEBUG nextflow.Session - 
Thread[#27,AnsiLogObserver,5,main]
  java.base@21.0.5/java.lang.Object.wait0(Native Method)
  java.base@21.0.5/java.lang.Object.wait(Object.java:366)
  app//nextflow.trace.AnsiLogObserver.render0(AnsiLogObserver.groovy:185)
  java.base@21.0.5/java.lang.invoke.DirectMethodHandle$Holder.invokeVirtual(DirectMethodHandle$Holder)
  java.base@21.0.5/java.lang.invoke.LambdaForm$MH/0x000072a80436c800.invoke(LambdaForm$MH)
  java.base@21.0.5/java.lang.invoke.Invokers$Holder.invokeExact_MT(Invokers$Holder)
  java.base@21.0.5/jdk.internal.reflect.DirectMethodHandleAccessor.invokeImpl(DirectMethodHandleAccessor.java:154)
  java.base@21.0.5/jdk.internal.reflect.DirectMethodHandleAccessor.invoke(DirectMethodHandleAccessor.java:103)
  java.base@21.0.5/java.lang.reflect.Method.invoke(Method.java:580)
  app//org.codehaus.groovy.reflection.CachedMethod.invoke(CachedMethod.java:343)
  app//groovy.lang.MetaMethod.doMethodInvoke(MetaMethod.java:328)
  app//groovy.lang.MetaClassImpl.doInvokeMethod(MetaClassImpl.java:1333)
  app//groovy.lang.MetaClassImpl.invokeMethod(MetaClassImpl.java:1088)
  app//groovy.lang.MetaClassImpl.invokeMethodClosure(MetaClassImpl.java:1017)
  app//groovy.lang.MetaClassImpl.doInvokeMethod(MetaClassImpl.java:1207)
  app//groovy.lang.MetaClassImpl.invokeMethod(MetaClassImpl.java:1088)
  app//groovy.lang.MetaClassImpl.invokeMethod(MetaClassImpl.java:1007)
  app//groovy.lang.Closure.call(Closure.java:433)
  app//groovy.lang.Closure.call(Closure.java:412)
  app//groovy.lang.Closure.run(Closure.java:505)
  java.base@21.0.5/java.lang.Thread.runWith(Thread.java:1596)
  java.base@21.0.5/java.lang.Thread.run(Thread.java:1583)

Thread[#26,Actor Thread 1,5,main]
  java.base@21.0.5/jdk.internal.misc.Unsafe.park(Native Method)
  java.base@21.0.5/java.util.concurrent.locks.LockSupport.park(LockSupport.java:371)
  java.base@21.0.5/java.util.concurrent.LinkedTransferQueue$DualNode.await(LinkedTransferQueue.java:458)
  java.base@21.0.5/java.util.concurrent.SynchronousQueue$Transferer.xferLifo(SynchronousQueue.java:194)
  java.base@21.0.5/java.util.concurrent.SynchronousQueue.xfer(SynchronousQueue.java:235)
  java.base@21.0.5/java.util.concurrent.SynchronousQueue.take(SynchronousQueue.java:318)
  java.base@21.0.5/java.util.concurrent.ThreadPoolExecutor.getTask(ThreadPoolExecutor.java:1070)
  java.base@21.0.5/java.util.concurrent.ThreadPoolExecutor.runWorker(ThreadPoolExecutor.java:1130)
  java.base@21.0.5/java.util.concurrent.ThreadPoolExecutor$Worker.run(ThreadPoolExecutor.java:642)
  java.base@21.0.5/java.lang.Thread.runWith(Thread.java:1596)
  java.base@21.0.5/java.lang.Thread.run(Thread.java:1583)

Thread[#11,Signal Dispatcher,9,system]

Thread[#33,Task submitter,5,main]
  java.base@21.0.5/jdk.internal.misc.Unsafe.park(Native Method)
  java.base@21.0.5/java.util.concurrent.locks.LockSupport.park(LockSupport.java:371)
  java.base@21.0.5/java.util.concurrent.locks.AbstractQueuedSynchronizer$ConditionNode.block(AbstractQueuedSynchronizer.java:519)
  java.base@21.0.5/java.util.concurrent.ForkJoinPool.unmanagedBlock(ForkJoinPool.java:3780)
  java.base@21.0.5/java.util.concurrent.ForkJoinPool.managedBlock(ForkJoinPool.java:3725)
  java.base@21.0.5/java.util.concurrent.locks.AbstractQueuedSynchronizer$ConditionObject.await(AbstractQueuedSynchronizer.java:1712)
  app//nextflow.processor.TaskPollingMonitor.awaitTasks(TaskPollingMonitor.groovy:388)
  app//nextflow.processor.TaskPollingMonitor.submitLoop(TaskPollingMonitor.groovy:412)
  java.base@21.0.5/java.lang.invoke.LambdaForm$DMH/0x000072a8041a8000.invokeVirtual(LambdaForm$DMH)
  java.base@21.0.5/java.lang.invoke.LambdaForm$MH/0x000072a804328c00.invoke(LambdaForm$MH)
  java.base@21.0.5/java.lang.invoke.Invokers$Holder.invokeExact_MT(Invokers$Holder)
  java.base@21.0.5/jdk.internal.reflect.DirectMethodHandleAccessor.invokeImpl(DirectMethodHandleAccessor.java:153)
  java.base@21.0.5/jdk.internal.reflect.DirectMethodHandleAccessor.invoke(DirectMethodHandleAccessor.java:103)
  java.base@21.0.5/java.lang.reflect.Method.invoke(Method.java:580)
  app//org.codehaus.groovy.reflection.CachedMethod.invoke(CachedMethod.java:343)
  app//groovy.lang.MetaMethod.doMethodInvoke(MetaMethod.java:328)
  app//groovy.lang.MetaClassImpl.doInvokeMethod(MetaClassImpl.java:1333)
  app//groovy.lang.MetaClassImpl.invokeMethod(MetaClassImpl.java:1088)
  app//groovy.lang.MetaClassImpl.invokeMethodClosure(MetaClassImpl.java:1017)
  app//groovy.lang.MetaClassImpl.doInvokeMethod(MetaClassImpl.java:1207)
  app//groovy.lang.MetaClassImpl.invokeMethod(MetaClassImpl.java:1088)
  app//groovy.lang.MetaClassImpl.invokeMethod(MetaClassImpl.java:1007)
  app//groovy.lang.Closure.call(Closure.java:433)
  app//groovy.lang.Closure.call(Closure.java:412)
  app//groovy.lang.Closure.run(Closure.java:505)
  java.base@21.0.5/java.lang.Thread.runWith(Thread.java:1596)
  java.base@21.0.5/java.lang.Thread.run(Thread.java:1583)

Thread[#39,pool-2-thread-1,5,main]
  java.base@21.0.5/jdk.internal.misc.Unsafe.park(Native Method)
  java.base@21.0.5/java.util.concurrent.locks.LockSupport.park(LockSupport.java:371)
  java.base@21.0.5/java.util.concurrent.locks.AbstractQueuedSynchronizer$ConditionNode.block(AbstractQueuedSynchronizer.java:519)
  java.base@21.0.5/java.util.concurrent.ForkJoinPool.unmanagedBlock(ForkJoinPool.java:3780)
  java.base@21.0.5/java.util.concurrent.ForkJoinPool.managedBlock(ForkJoinPool.java:3725)
  java.base@21.0.5/java.util.concurrent.locks.AbstractQueuedSynchronizer$ConditionObject.await(AbstractQueuedSynchronizer.java:1712)
  java.base@21.0.5/java.lang.ProcessImpl.waitFor(ProcessImpl.java:425)
  app//nextflow.executor.local.LocalTaskHandler$_submit_closure1.doCall(LocalTaskHandler.groovy:109)
  app//nextflow.executor.local.LocalTaskHandler$_submit_closure1.call(LocalTaskHandler.groovy)
  app//groovy.lang.Closure.run(Closure.java:505)
  java.base@21.0.5/java.util.concurrent.Executors$RunnableAdapter.call(Executors.java:572)
  java.base@21.0.5/java.util.concurrent.FutureTask.run(FutureTask.java:317)
  java.base@21.0.5/java.util.concurrent.ThreadPoolExecutor.runWorker(ThreadPoolExecutor.java:1144)
  java.base@21.0.5/java.util.concurrent.ThreadPoolExecutor$Worker.run(ThreadPoolExecutor.java:642)
  java.base@21.0.5/java.lang.Thread.runWith(Thread.java:1596)
  java.base@21.0.5/java.lang.Thread.run(Thread.java:1583)

Thread[#29,Actor Thread 3,5,main]
  java.base@21.0.5/jdk.internal.misc.Unsafe.park(Native Method)
  java.base@21.0.5/java.util.concurrent.locks.LockSupport.park(LockSupport.java:371)
  java.base@21.0.5/java.util.concurrent.LinkedTransferQueue$DualNode.await(LinkedTransferQueue.java:458)
  java.base@21.0.5/java.util.concurrent.SynchronousQueue$Transferer.xferLifo(SynchronousQueue.java:194)
  java.base@21.0.5/java.util.concurrent.SynchronousQueue.xfer(SynchronousQueue.java:235)
  java.base@21.0.5/java.util.concurrent.SynchronousQueue.take(SynchronousQueue.java:318)
  java.base@21.0.5/java.util.concurrent.ThreadPoolExecutor.getTask(ThreadPoolExecutor.java:1070)
  java.base@21.0.5/java.util.concurrent.ThreadPoolExecutor.runWorker(ThreadPoolExecutor.java:1130)
  java.base@21.0.5/java.util.concurrent.ThreadPoolExecutor$Worker.run(ThreadPoolExecutor.java:642)
  java.base@21.0.5/java.lang.Thread.runWith(Thread.java:1596)
  java.base@21.0.5/java.lang.Thread.run(Thread.java:1583)

Thread[#35,PathVisitor-2,5,main]
  java.base@21.0.5/jdk.internal.misc.Unsafe.park(Native Method)
  java.base@21.0.5/java.util.concurrent.locks.LockSupport.parkNanos(LockSupport.java:410)
  java.base@21.0.5/java.util.concurrent.LinkedTransferQueue$DualNode.await(LinkedTransferQueue.java:452)
  java.base@21.0.5/java.util.concurrent.SynchronousQueue$Transferer.xferLifo(SynchronousQueue.java:194)
  java.base@21.0.5/java.util.concurrent.SynchronousQueue.xfer(SynchronousQueue.java:235)
  java.base@21.0.5/java.util.concurrent.SynchronousQueue.poll(SynchronousQueue.java:338)
  java.base@21.0.5/java.util.concurrent.ThreadPoolExecutor.getTask(ThreadPoolExecutor.java:1069)
  java.base@21.0.5/java.util.concurrent.ThreadPoolExecutor.runWorker(ThreadPoolExecutor.java:1130)
  java.base@21.0.5/java.util.concurrent.ThreadPoolExecutor$Worker.run(ThreadPoolExecutor.java:642)
  java.base@21.0.5/java.lang.Thread.runWith(Thread.java:1596)
  java.base@21.0.5/java.lang.Thread.run(Thread.java:1583)

Thread[#1,main,5,main]
  java.base@21.0.5/jdk.internal.misc.Unsafe.park(Native Method)
  java.base@21.0.5/java.util.concurrent.locks.LockSupport.park(LockSupport.java:371)
  java.base@21.0.5/java.util.concurrent.locks.AbstractQueuedSynchronizer$ConditionNode.block(AbstractQueuedSynchronizer.java:519)
  java.base@21.0.5/java.util.concurrent.ForkJoinPool.unmanagedBlock(ForkJoinPool.java:3780)
  java.base@21.0.5/java.util.concurrent.ForkJoinPool.managedBlock(ForkJoinPool.java:3725)
  java.base@21.0.5/java.util.concurrent.locks.AbstractQueuedSynchronizer$ConditionObject.await(AbstractQueuedSynchronizer.java:1712)
  app//nextflow.util.Barrier$_awaitCompletion_closure3.doCall(Barrier.groovy:92)
  app//nextflow.util.Barrier$_awaitCompletion_closure3.call(Barrier.groovy)
  app//nextflow.extension.Bolts.withLock(Bolts.groovy:337)
  app//nextflow.extension.Bolts.withLock(Bolts.groovy)
  app//nextflow.util.Barrier.awaitCompletion(Barrier.groovy:89)
  app//nextflow.Session.await(Session.groovy:676)
  app//nextflow.script.ScriptRunner.await(ScriptRunner.groovy:256)
  app//nextflow.script.ScriptRunner.execute(ScriptRunner.groovy:144)
  app//nextflow.cli.CmdRun.run(CmdRun.groovy:376)
  app//nextflow.cli.Launcher.run(Launcher.groovy:503)
  app//nextflow.cli.Launcher.main(Launcher.groovy:658)

Thread[#9,Reference Handler,10,system]
  java.base@21.0.5/java.lang.ref.Reference.waitForReferencePendingList(Native Method)
  java.base@21.0.5/java.lang.ref.Reference.processPendingReferences(Reference.java:246)
  java.base@21.0.5/java.lang.ref.Reference$ReferenceHandler.run(Reference.java:208)

Thread[#30,Actor Thread 4,5,main]
  java.base@21.0.5/jdk.internal.misc.Unsafe.park(Native Method)
  java.base@21.0.5/java.util.concurrent.locks.LockSupport.park(LockSupport.java:371)
  java.base@21.0.5/java.util.concurrent.LinkedTransferQueue$DualNode.await(LinkedTransferQueue.java:458)
  java.base@21.0.5/java.util.concurrent.SynchronousQueue$Transferer.xferLifo(SynchronousQueue.java:194)
  java.base@21.0.5/java.util.concurrent.SynchronousQueue.xfer(SynchronousQueue.java:235)
  java.base@21.0.5/java.util.concurrent.SynchronousQueue.take(SynchronousQueue.java:318)
  java.base@21.0.5/java.util.concurrent.ThreadPoolExecutor.getTask(ThreadPoolExecutor.java:1070)
  java.base@21.0.5/java.util.concurrent.ThreadPoolExecutor.runWorker(ThreadPoolExecutor.java:1130)
  java.base@21.0.5/java.util.concurrent.ThreadPoolExecutor$Worker.run(ThreadPoolExecutor.java:642)
  java.base@21.0.5/java.lang.Thread.runWith(Thread.java:1596)
  java.base@21.0.5/java.lang.Thread.run(Thread.java:1583)

Thread[#17,Common-Cleaner,8,InnocuousThreadGroup]
  java.base@21.0.5/jdk.internal.misc.Unsafe.park(Native Method)
  java.base@21.0.5/java.util.concurrent.locks.LockSupport.parkNanos(LockSupport.java:269)
  java.base@21.0.5/java.util.concurrent.locks.AbstractQueuedSynchronizer$ConditionObject.await(AbstractQueuedSynchronizer.java:1852)
  java.base@21.0.5/java.lang.ref.ReferenceQueue.await(ReferenceQueue.java:71)
  java.base@21.0.5/java.lang.ref.ReferenceQueue.remove0(ReferenceQueue.java:143)
  java.base@21.0.5/java.lang.ref.ReferenceQueue.remove(ReferenceQueue.java:218)
  java.base@21.0.5/jdk.internal.ref.CleanerImpl.run(CleanerImpl.java:140)
  java.base@21.0.5/java.lang.Thread.runWith(Thread.java:1596)
  java.base@21.0.5/java.lang.Thread.run(Thread.java:1583)
  java.base@21.0.5/jdk.internal.misc.InnocuousThread.run(InnocuousThread.java:186)

Thread[#18,Notification Thread,9,system]

Thread[#36,PathVisitor-3,5,main]
  java.base@21.0.5/jdk.internal.misc.Unsafe.park(Native Method)
  java.base@21.0.5/java.util.concurrent.locks.LockSupport.parkNanos(LockSupport.java:410)
  java.base@21.0.5/java.util.concurrent.LinkedTransferQueue$DualNode.await(LinkedTransferQueue.java:452)
  java.base@21.0.5/java.util.concurrent.SynchronousQueue$Transferer.xferLifo(SynchronousQueue.java:194)
  java.base@21.0.5/java.util.concurrent.SynchronousQueue.xfer(SynchronousQueue.java:235)
  java.base@21.0.5/java.util.concurrent.SynchronousQueue.poll(SynchronousQueue.java:338)
  java.base@21.0.5/java.util.concurrent.ThreadPoolExecutor.getTask(ThreadPoolExecutor.java:1069)
  java.base@21.0.5/java.util.concurrent.ThreadPoolExecutor.runWorker(ThreadPoolExecutor.java:1130)
  java.base@21.0.5/java.util.concurrent.ThreadPoolExecutor$Worker.run(ThreadPoolExecutor.java:642)
  java.base@21.0.5/java.lang.Thread.runWith(Thread.java:1596)
  java.base@21.0.5/java.lang.Thread.run(Thread.java:1583)

Thread[#28,Actor Thread 2,5,main]
  java.base@21.0.5/jdk.internal.misc.Unsafe.park(Native Method)
  java.base@21.0.5/java.util.concurrent.locks.LockSupport.park(LockSupport.java:371)
  java.base@21.0.5/java.util.concurrent.LinkedTransferQueue$DualNode.await(LinkedTransferQueue.java:458)
  java.base@21.0.5/java.util.concurrent.SynchronousQueue$Transferer.xferLifo(SynchronousQueue.java:194)
  java.base@21.0.5/java.util.concurrent.SynchronousQueue.xfer(SynchronousQueue.java:235)
  java.base@21.0.5/java.util.concurrent.SynchronousQueue.take(SynchronousQueue.java:318)
  java.base@21.0.5/java.util.concurrent.ThreadPoolExecutor.getTask(ThreadPoolExecutor.java:1070)
  java.base@21.0.5/java.util.concurrent.ThreadPoolExecutor.runWorker(ThreadPoolExecutor.java:1130)
  java.base@21.0.5/java.util.concurrent.ThreadPoolExecutor$Worker.run(ThreadPoolExecutor.java:642)
  java.base@21.0.5/java.lang.Thread.runWith(Thread.java:1596)
  java.base@21.0.5/java.lang.Thread.run(Thread.java:1583)

Thread[#40,SIGINT handler,9,system]
  java.base@21.0.5/java.lang.Thread.dumpThreads(Native Method)
  java.base@21.0.5/java.lang.Thread.getAllStackTraces(Thread.java:2522)
  app//nextflow.util.SysHelper.dumpThreads(SysHelper.groovy:188)
  app//nextflow.Session.abort(Session.groovy:800)
  app//nextflow.Session$_registerSignalHandlers_closure17.doCall(Session.groovy:489)
  java.base@21.0.5/java.lang.invoke.DirectMethodHandle$Holder.invokeSpecial(DirectMethodHandle$Holder)
  java.base@21.0.5/java.lang.invoke.LambdaForm$MH/0x000072a8041cb400.invoke(LambdaForm$MH)
  java.base@21.0.5/java.lang.invoke.Invokers$Holder.invokeExact_MT(Invokers$Holder)
  java.base@21.0.5/jdk.internal.reflect.DirectMethodHandleAccessor.invokeImpl(DirectMethodHandleAccessor.java:154)
  java.base@21.0.5/jdk.internal.reflect.DirectMethodHandleAccessor.invoke(DirectMethodHandleAccessor.java:103)
  java.base@21.0.5/java.lang.reflect.Method.invoke(Method.java:580)
  app//org.codehaus.groovy.reflection.CachedMethod.invoke(CachedMethod.java:343)
  app//groovy.lang.MetaMethod.doMethodInvoke(MetaMethod.java:328)
  app//org.codehaus.groovy.runtime.metaclass.ClosureMetaClass.invokeMethod(ClosureMetaClass.java:279)
  app//groovy.lang.MetaClassImpl.invokeMethod(MetaClassImpl.java:1007)
  app//groovy.lang.Closure.call(Closure.java:433)
  app//org.codehaus.groovy.runtime.ConvertedClosure.invokeCustom(ConvertedClosure.java:52)
  app//org.codehaus.groovy.runtime.ConversionHandler.invoke(ConversionHandler.java:113)
  jdk.proxy1/jdk.proxy1.$Proxy28.handle(Unknown Source)
  jdk.unsupported@21.0.5/sun.misc.Signal$InternalMiscHandler.handle(Signal.java:198)
  java.base@21.0.5/jdk.internal.misc.Signal$1.run(Signal.java:218)
  java.base@21.0.5/java.lang.Thread.runWith(Thread.java:1596)
  java.base@21.0.5/java.lang.Thread.run(Thread.java:1583)

Thread[#24,process reaper (pid 68721),10,InnocuousThreadGroup]
  java.base@21.0.5/java.lang.ProcessHandleImpl.waitForProcessExit0(Native Method)
  java.base@21.0.5/java.lang.ProcessHandleImpl$1.run(ProcessHandleImpl.java:163)
  java.base@21.0.5/java.util.concurrent.ThreadPoolExecutor.runWorker(ThreadPoolExecutor.java:1144)
  java.base@21.0.5/java.util.concurrent.ThreadPoolExecutor$Worker.run(ThreadPoolExecutor.java:642)
  java.base@21.0.5/java.lang.Thread.runWith(Thread.java:1596)
  java.base@21.0.5/java.lang.Thread.run(Thread.java:1583)
  java.base@21.0.5/jdk.internal.misc.InnocuousThread.run(InnocuousThread.java:186)

Thread[#34,PathVisitor-1,5,main]
  java.base@21.0.5/jdk.internal.misc.Unsafe.park(Native Method)
  java.base@21.0.5/java.util.concurrent.locks.LockSupport.parkNanos(LockSupport.java:410)
  java.base@21.0.5/java.util.concurrent.LinkedTransferQueue$DualNode.await(LinkedTransferQueue.java:452)
  java.base@21.0.5/java.util.concurrent.SynchronousQueue$Transferer.xferLifo(SynchronousQueue.java:194)
  java.base@21.0.5/java.util.concurrent.SynchronousQueue.xfer(SynchronousQueue.java:235)
  java.base@21.0.5/java.util.concurrent.SynchronousQueue.poll(SynchronousQueue.java:338)
  java.base@21.0.5/java.util.concurrent.ThreadPoolExecutor.getTask(ThreadPoolExecutor.java:1069)
  java.base@21.0.5/java.util.concurrent.ThreadPoolExecutor.runWorker(ThreadPoolExecutor.java:1130)
  java.base@21.0.5/java.util.concurrent.ThreadPoolExecutor$Worker.run(ThreadPoolExecutor.java:642)
  java.base@21.0.5/java.lang.Thread.runWith(Thread.java:1596)
  java.base@21.0.5/java.lang.Thread.run(Thread.java:1583)

Thread[#10,Finalizer,8,system]
  java.base@21.0.5/java.lang.Object.wait0(Native Method)
  java.base@21.0.5/java.lang.Object.wait(Object.java:366)
  java.base@21.0.5/java.lang.Object.wait(Object.java:339)
  java.base@21.0.5/java.lang.ref.NativeReferenceQueue.await(NativeReferenceQueue.java:48)
  java.base@21.0.5/java.lang.ref.ReferenceQueue.remove0(ReferenceQueue.java:158)
  java.base@21.0.5/java.lang.ref.NativeReferenceQueue.remove(NativeReferenceQueue.java:89)
  java.base@21.0.5/java.lang.ref.Finalizer$FinalizerThread.run(Finalizer.java:173)

Thread[#37,PathVisitor-4,5,main]
  java.base@21.0.5/jdk.internal.misc.Unsafe.park(Native Method)
  java.base@21.0.5/java.util.concurrent.locks.LockSupport.parkNanos(LockSupport.java:410)
  java.base@21.0.5/java.util.concurrent.LinkedTransferQueue$DualNode.await(LinkedTransferQueue.java:452)
  java.base@21.0.5/java.util.concurrent.SynchronousQueue$Transferer.xferLifo(SynchronousQueue.java:194)
  java.base@21.0.5/java.util.concurrent.SynchronousQueue.xfer(SynchronousQueue.java:235)
  java.base@21.0.5/java.util.concurrent.SynchronousQueue.poll(SynchronousQueue.java:338)
  java.base@21.0.5/java.util.concurrent.ThreadPoolExecutor.getTask(ThreadPoolExecutor.java:1069)
  java.base@21.0.5/java.util.concurrent.ThreadPoolExecutor.runWorker(ThreadPoolExecutor.java:1130)
  java.base@21.0.5/java.util.concurrent.ThreadPoolExecutor$Worker.run(ThreadPoolExecutor.java:642)
  java.base@21.0.5/java.lang.Thread.runWith(Thread.java:1596)
  java.base@21.0.5/java.lang.Thread.run(Thread.java:1583)

Thread[#31,Actor Thread 5,5,main]
  java.base@21.0.5/jdk.internal.misc.Unsafe.park(Native Method)
  java.base@21.0.5/java.util.concurrent.locks.LockSupport.park(LockSupport.java:371)
  java.base@21.0.5/java.util.concurrent.LinkedTransferQueue$DualNode.await(LinkedTransferQueue.java:458)
  java.base@21.0.5/java.util.concurrent.SynchronousQueue$Transferer.xferLifo(SynchronousQueue.java:194)
  java.base@21.0.5/java.util.concurrent.SynchronousQueue.xfer(SynchronousQueue.java:235)
  java.base@21.0.5/java.util.concurrent.SynchronousQueue.take(SynchronousQueue.java:318)
  java.base@21.0.5/java.util.concurrent.ThreadPoolExecutor.getTask(ThreadPoolExecutor.java:1070)
  java.base@21.0.5/java.util.concurrent.ThreadPoolExecutor.runWorker(ThreadPoolExecutor.java:1130)
  java.base@21.0.5/java.util.concurrent.ThreadPoolExecutor$Worker.run(ThreadPoolExecutor.java:642)
  java.base@21.0.5/java.lang.Thread.runWith(Thread.java:1596)
  java.base@21.0.5/java.lang.Thread.run(Thread.java:1583)

Thread[#25,Thread-1,5,main]
  java.base@21.0.5/jdk.internal.misc.Unsafe.park(Native Method)
  java.base@21.0.5/java.util.concurrent.locks.LockSupport.parkNanos(LockSupport.java:269)
  java.base@21.0.5/java.util.concurrent.locks.AbstractQueuedSynchronizer$ConditionObject.awaitNanos(AbstractQueuedSynchronizer.java:1763)
  java.base@21.0.5/java.util.concurrent.LinkedBlockingDeque.pollFirst(LinkedBlockingDeque.java:515)
  java.base@21.0.5/java.util.concurrent.LinkedBlockingDeque.poll(LinkedBlockingDeque.java:677)
  app//nextflow.util.SimpleAgent.run(SimpleAgent.groovy:89)
  java.base@21.0.5/java.lang.invoke.LambdaForm$DMH/0x000072a8041a8000.invokeVirtual(LambdaForm$DMH)
  java.base@21.0.5/java.lang.invoke.LambdaForm$MH/0x000072a804328c00.invoke(LambdaForm$MH)
  java.base@21.0.5/java.lang.invoke.Invokers$Holder.invokeExact_MT(Invokers$Holder)
  java.base@21.0.5/jdk.internal.reflect.DirectMethodHandleAccessor.invokeImpl(DirectMethodHandleAccessor.java:153)
  java.base@21.0.5/jdk.internal.reflect.DirectMethodHandleAccessor.invoke(DirectMethodHandleAccessor.java:103)
  java.base@21.0.5/java.lang.reflect.Method.invoke(Method.java:580)
  app//org.codehaus.groovy.reflection.CachedMethod.invoke(CachedMethod.java:343)
  app//groovy.lang.MetaMethod.doMethodInvoke(MetaMethod.java:328)
  app//groovy.lang.MetaClassImpl.doInvokeMethod(MetaClassImpl.java:1333)
  app//groovy.lang.MetaClassImpl.invokeMethod(MetaClassImpl.java:1088)
  app//groovy.lang.MetaClassImpl.invokeMethodClosure(MetaClassImpl.java:1017)
  app//groovy.lang.MetaClassImpl.doInvokeMethod(MetaClassImpl.java:1207)
  app//groovy.lang.MetaClassImpl.invokeMethod(MetaClassImpl.java:1088)
  app//groovy.lang.MetaClassImpl.invokeMethod(MetaClassImpl.java:1007)
  app//groovy.lang.Closure.call(Closure.java:433)
  app//groovy.lang.Closure.call(Closure.java:412)
  app//groovy.lang.Closure.run(Closure.java:505)
  java.base@21.0.5/java.lang.Thread.runWith(Thread.java:1596)
  java.base@21.0.5/java.lang.Thread.run(Thread.java:1583)

Mar-25 23:42:15.336 [main] DEBUG nextflow.Session - Session await > all processes finished
Mar-25 23:42:15.337 [main] DEBUG nextflow.Session - Session await > all barriers passed
Mar-25 23:42:15.360 [main] WARN  n.processor.TaskPollingMonitor - Killing running tasks (1)
Mar-25 23:42:15.400 [main] DEBUG n.trace.WorkflowStatsObserver - Workflow completed > WorkflowStats[succeededCount=0; failedCount=0; ignoredCount=0; cachedCount=0; pendingCount=0; submittedCount=0; runningCount=0; retriesCount=0; abortedCount=1; succeedDuration=0ms; failedDuration=0ms; cachedDuration=0ms;loadCpus=0; loadMemory=0; peakRunning=1; peakCpus=1; peakMemory=0; ]
Mar-25 23:42:15.401 [main] DEBUG nextflow.trace.TraceFileObserver - Workflow completed -- saving trace file
Mar-25 23:42:15.405 [main] DEBUG nextflow.trace.ReportObserver - Workflow completed -- rendering execution report
Mar-25 23:42:16.103 [main] DEBUG nextflow.trace.TimelineObserver - Workflow completed -- rendering execution timeline
Mar-25 23:42:16.170 [main] DEBUG nextflow.cache.CacheDB - Closing CacheDB done
Mar-25 23:42:16.193 [main] DEBUG nextflow.script.ScriptRunner - > Execution complete -- Goodbye
