Mar-25 14:28:54.936 [main] DEBUG nextflow.cli.Launcher - $> nextflow run workflows/classification.nf -c nextflow.config
Mar-25 14:28:55.061 [main] DEBUG nextflow.cli.CmdRun - N E X T F L O W  ~  version 24.10.0
Mar-25 14:28:55.103 [main] DEBUG nextflow.plugin.PluginsFacade - Setting up plugin manager > mode=prod; embedded=false; plugins-dir=/home/julianafelix/.nextflow/plugins; core-plugins: nf-amazon@2.9.0,nf-azure@1.10.1,nf-cloudcache@0.4.2,nf-codecommit@0.2.2,nf-console@1.1.4,nf-google@1.15.2,nf-tower@1.9.3,nf-wave@1.7.2
Mar-25 14:28:55.186 [main] INFO  o.pf4j.DefaultPluginStatusProvider - Enabled plugins: []
Mar-25 14:28:55.197 [main] INFO  o.pf4j.DefaultPluginStatusProvider - Disabled plugins: []
Mar-25 14:28:55.207 [main] INFO  org.pf4j.DefaultPluginManager - PF4J version 3.12.0 in 'deployment' mode
Mar-25 14:28:55.275 [main] INFO  org.pf4j.AbstractPluginManager - No plugins
Mar-25 14:28:55.317 [main] DEBUG nextflow.scm.ProviderConfig - Using SCM config path: /home/julianafelix/.nextflow/scm
Mar-25 14:28:55.336 [main] DEBUG nextflow.scm.AssetManager - Listing projects in folder: /home/julianafelix/.nextflow/assets
Mar-25 14:28:55.391 [main] DEBUG nextflow.scm.RepositoryFactory - Found Git repository result: [RepositoryFactory]
Mar-25 14:28:55.412 [main] INFO  nextflow.cli.CmdRun - Pulling nextflow-io/workflows ...
Mar-25 14:28:55.422 [main] DEBUG nextflow.scm.RepositoryProvider - Request [credentials -:-] -> https://api.github.com/repos/nextflow-io/workflows/contents/classification.nf
Mar-25 14:28:57.046 [main] DEBUG nextflow.scm.RepositoryProvider - Response status: 404 -- {"message":"Not Found","documentation_url":"https://docs.github.com/rest/repos/contents#get-repository-content","status":"404"}
Mar-25 14:28:57.060 [main] DEBUG nextflow.cli.Launcher - Operation aborted
nextflow.exception.AbortOperationException: Remote resource not found: https://api.github.com/repos/nextflow-io/workflows/contents/classification.nf
	at nextflow.scm.RepositoryProvider.checkResponse(RepositoryProvider.groovy:240)
	at nextflow.scm.RepositoryProvider.invoke(RepositoryProvider.groovy:181)
	at nextflow.scm.RepositoryProvider.memoizedMethodPriv$invokeAndParseResponseString(RepositoryProvider.groovy:282)
	at java.base/jdk.internal.reflect.NativeMethodAccessorImpl.invoke0(Native Method)
	at java.base/jdk.internal.reflect.NativeMethodAccessorImpl.invoke(NativeMethodAccessorImpl.java:77)
	at java.base/jdk.internal.reflect.DelegatingMethodAccessorImpl.invoke(DelegatingMethodAccessorImpl.java:43)
	at java.base/java.lang.reflect.Method.invoke(Method.java:569)
	at org.codehaus.groovy.reflection.CachedMethod.invoke(CachedMethod.java:343)
	at groovy.lang.MetaMethod.doMethodInvoke(MetaMethod.java:328)
	at groovy.lang.MetaClassImpl.doInvokeMethod(MetaClassImpl.java:1333)
	at groovy.lang.MetaClassImpl.invokeMethod(MetaClassImpl.java:1088)
	at groovy.lang.MetaClassImpl.invokeMethod(MetaClassImpl.java:1007)
	at org.codehaus.groovy.runtime.InvokerHelper.invokePogoMethod(InvokerHelper.java:645)
	at org.codehaus.groovy.runtime.InvokerHelper.invokeMethod(InvokerHelper.java:628)
	at org.codehaus.groovy.runtime.InvokerHelper.invokeMethodSafe(InvokerHelper.java:82)
	at nextflow.scm.RepositoryProvider$_closure3.doCall(RepositoryProvider.groovy)
	at java.base/jdk.internal.reflect.NativeMethodAccessorImpl.invoke0(Native Method)
	at java.base/jdk.internal.reflect.NativeMethodAccessorImpl.invoke(NativeMethodAccessorImpl.java:77)
	at java.base/jdk.internal.reflect.DelegatingMethodAccessorImpl.invoke(DelegatingMethodAccessorImpl.java:43)
	at java.base/java.lang.reflect.Method.invoke(Method.java:569)
	at org.codehaus.groovy.reflection.CachedMethod.invoke(CachedMethod.java:343)
	at groovy.lang.MetaMethod.doMethodInvoke(MetaMethod.java:328)
	at org.codehaus.groovy.runtime.metaclass.ClosureMetaClass.invokeMethod(ClosureMetaClass.java:279)
	at groovy.lang.MetaClassImpl.invokeMethod(MetaClassImpl.java:1007)
	at groovy.lang.Closure.call(Closure.java:433)
	at org.codehaus.groovy.runtime.memoize.Memoize$MemoizeFunction.lambda$call$0(Memoize.java:137)
	at org.codehaus.groovy.runtime.memoize.ConcurrentCommonCache.getAndPut(ConcurrentCommonCache.java:137)
	at org.codehaus.groovy.runtime.memoize.ConcurrentCommonCache.getAndPut(ConcurrentCommonCache.java:113)
	at org.codehaus.groovy.runtime.memoize.Memoize$MemoizeFunction.call(Memoize.java:136)
	at groovy.lang.Closure.call(Closure.java:422)
	at nextflow.scm.RepositoryProvider.invokeAndParseResponse(RepositoryProvider.groovy)
	at nextflow.scm.GithubRepositoryProvider.readBytes(GithubRepositoryProvider.groovy:117)
	at nextflow.scm.RepositoryProvider.validateFor(RepositoryProvider.groovy:310)
	at nextflow.scm.AssetManager.checkValidRemoteRepo(AssetManager.groovy:374)
	at nextflow.scm.AssetManager.download(AssetManager.groovy:591)
	at nextflow.cli.CmdRun.getScriptFile0(CmdRun.groovy:599)
	at nextflow.cli.CmdRun.getScriptFile(CmdRun.groovy:532)
	at nextflow.cli.CmdRun.run(CmdRun.groovy:325)
	at nextflow.cli.Launcher.run(Launcher.groovy:503)
	at nextflow.cli.Launcher.main(Launcher.groovy:658)
